<?xml version="1.0" encoding="UTF-8"?>
<testng-results ignored="0" total="1" passed="1" failed="0" skipped="0">
  <reporter-output>
  </reporter-output>
  <suite started-at="2022-07-31T11:44:58 IST" name="Default suite" finished-at="2022-07-31T11:45:31 IST" duration-ms="32842">
    <groups>
    </groups>
    <test started-at="2022-07-31T11:44:58 IST" name="Default test" finished-at="2022-07-31T11:45:31 IST" duration-ms="32842">
      <class name="advTask.TestScenario">
        <test-method is-config="true" signature="setup(java.lang.reflect.Method,org.testng.ITestContext)[pri:0, instance:advTask.TestScenario@71238fc2]" started-at="2022-07-31T11:44:58 IST" name="setup" finished-at="2022-07-31T11:45:07 IST" duration-ms="8339" status="PASS">
          <params>
            <param index="0">
              <value>
                <![CDATA[public void advTask.TestScenario.TestScenario1() throws java.lang.InterruptedException]]>
              </value>
            </param>
            <param index="1">
              <value>
                <![CDATA[org.testng.TestRunner@2c6aed22]]>
              </value>
            </param>
          </params>
          <reporter-output>
          </reporter-output>
        </test-method> <!-- setup -->
        <test-method signature="TestScenario1()[pri:0, instance:advTask.TestScenario@71238fc2]" started-at="2022-07-31T11:45:07 IST" name="TestScenario1" finished-at="2022-07-31T11:45:29 IST" duration-ms="22538" status="PASS">
          <reporter-output>
          </reporter-output>
        </test-method> <!-- TestScenario1 -->
        <test-method is-config="true" signature="tearDown()[pri:0, instance:advTask.TestScenario@71238fc2]" started-at="2022-07-31T11:45:29 IST" name="tearDown" finished-at="2022-07-31T11:45:31 IST" duration-ms="1891" status="PASS">
          <reporter-output>
          </reporter-output>
        </test-method> <!-- tearDown -->
      </class> <!-- advTask.TestScenario -->
    </test> <!-- Default test -->
  </suite> <!-- Default suite -->
</testng-results>
